<?xml version="1.0" encoding="UTF-8"?>
<!-- Generated by org.testng.reporters.JUnitReportReporter -->
<testsuite hostname="tive-laptop" name="com.example.tests.ContactsCreationTests" tests="1" failures="0" timestamp="11 Dec 2014 15:08:16 GMT" time="3.181" errors="0">
  <testcase name="testUntitled3" time="3.181" classname="com.example.tests.ContactsCreationTests"/>
</testsuite> <!-- com.example.tests.ContactsCreationTests -->
