<?xml version="1.0" encoding="UTF-8"?>
<!-- Generated by org.testng.reporters.JUnitReportReporter -->
<testsuite hostname="tive-laptop" name="com.example.tests.NoneEmptyGroupCreationTest" tests="1" failures="0" timestamp="11 Dec 2014 11:12:16 GMT" time="1.239" errors="0">
  <testcase name="testNoneEmptyGroupCreation" time="1.239" classname="com.example.tests.NoneEmptyGroupCreationTest"/>
</testsuite> <!-- com.example.tests.NoneEmptyGroupCreationTest -->
