<?xml version="1.0" encoding="UTF-8"?>
<!-- Generated by org.testng.reporters.JUnitReportReporter -->
<testsuite hostname="tive-laptop" name="com.example.tests.AlsoGroupCreationTests" tests="2" failures="0" timestamp="11 Dec 2014 10:58:48 GMT" time="2.518" errors="0">
  <testcase name="testEmptyGroupCreation" time="1.253" classname="com.example.tests.AlsoGroupCreationTests"/>
  <testcase name="testNoneEmptyGroupCreation" time="1.265" classname="com.example.tests.AlsoGroupCreationTests"/>
</testsuite> <!-- com.example.tests.AlsoGroupCreationTests -->
