<?xml version="1.0" encoding="UTF-8"?>
<!-- Generated by org.testng.reporters.JUnitReportReporter -->
<testsuite hostname="tive-laptop" name="com.example.tests.EmptyGroupCreationTest" tests="1" failures="0" timestamp="11 Dec 2014 11:12:16 GMT" time="1.502" errors="0">
  <testcase name="testEmptyGroupCreation" time="1.502" classname="com.example.tests.EmptyGroupCreationTest"/>
</testsuite> <!-- com.example.tests.EmptyGroupCreationTest -->
