<?xml version="1.0" encoding="UTF-8"?>
<!-- Generated by org.testng.reporters.JUnitReportReporter -->
<testsuite hostname="tive-laptop" name="com.example.tests.GroupsCreationTests" tests="2" failures="0" timestamp="11 Dec 2014 15:28:16 GMT" time="2.451" errors="0">
  <testcase name="testEmptyGroupCreation" time="1.180" classname="com.example.tests.GroupsCreationTests"/>
  <testcase name="testNoneEmptyGroupCreation" time="1.271" classname="com.example.tests.GroupsCreationTests"/>
</testsuite> <!-- com.example.tests.GroupsCreationTests -->
