<?xml version="1.0" encoding="UTF-8"?>
<!-- Generated by org.testng.reporters.JUnitReportReporter -->
<testsuite hostname="tive-laptop" name="com.example.tests.GroupCreationTests" tests="2" failures="0" timestamp="11 Dec 2014 10:58:48 GMT" time="3.722" errors="0">
  <testcase name="testNoneEmptyGroupCreation" time="1.552" classname="com.example.tests.GroupCreationTests"/>
  <testcase name="testEmptyGroupCreation" time="2.170" classname="com.example.tests.GroupCreationTests"/>
</testsuite> <!-- com.example.tests.GroupCreationTests -->
